<?xml version="1.0" encoding="UTF-8"?>
<!-- Generated by org.testng.reporters.JUnitXMLReporter -->
<testsuite hostname="LAPTOP-N04AR20A" ignored="0" name="Default test" tests="3" failures="0" timestamp="07 Aug 2019 06:50:01 GMT" time="0.045" errors="0">
  <testcase name="LogoCheck" time="0.007" classname="TestNGclass.SampleTestNGClass"/>
  <testcase name="SearchTest" time="0.001" classname="TestNGclass.SampleTestNGClass"/>
  <testcase name="TitleTest" time="0.001" classname="TestNGclass.SampleTestNGClass"/>
</testsuite> <!-- Default test -->
