<?xml version="1.0" encoding="UTF-8"?>
<!-- Generated by org.testng.reporters.JUnitXMLReporter -->
<testsuite hostname="LAPTOP-N04AR20A" ignored="0" name="Test" tests="7" failures="0" timestamp="07 Aug 2019 12:27:33 GMT" time="0.042" errors="0">
  <testcase name="hello" time="0.001" classname="TestNGclass.SampleMavenClass"/>
  <testcase name="LogoCheck" time="0.0" classname="TestNGclass.SampleTestNGClass"/>
  <testcase name="SearchTest" time="0.001" classname="TestNGclass.SampleTestNGClass"/>
  <testcase name="TitleTest" time="0.0" classname="TestNGclass.SampleTestNGClass"/>
  <testcase name="LogoCheck" time="0.0" classname="TestNGclass.TestNGBasics"/>
  <testcase name="SearchTest" time="0.0" classname="TestNGclass.TestNGBasics"/>
  <testcase name="TitleTest" time="0.0" classname="TestNGclass.TestNGBasics"/>
</testsuite> <!-- Test -->
