<?xml version="1.0" encoding="UTF-8"?>
<testng-results skipped="0" failed="0" ignored="0" total="3" passed="3">
  <reporter-output>
  </reporter-output>
  <suite name="Default suite" duration-ms="45" started-at="2019-08-07T06:50:01Z" finished-at="2019-08-07T06:50:01Z">
    <groups>
    </groups>
    <test name="Default test" duration-ms="45" started-at="2019-08-07T06:50:01Z" finished-at="2019-08-07T06:50:01Z">
      <class name="TestNGclass.SampleTestNGClass">
        <test-method status="PASS" signature="Login()[pri:0, instance:TestNGclass.SampleTestNGClass@29ee9faa]" name="Login" is-config="true" duration-ms="8" started-at="2019-08-07T06:50:01Z" finished-at="2019-08-07T06:50:01Z">
          <reporter-output>
          </reporter-output>
        </test-method> <!-- Login -->
        <test-method status="PASS" signature="LogoCheck()[pri:0, instance:TestNGclass.SampleTestNGClass@29ee9faa]" name="LogoCheck" duration-ms="7" started-at="2019-08-07T06:50:01Z" finished-at="2019-08-07T06:50:01Z">
          <reporter-output>
          </reporter-output>
        </test-method> <!-- LogoCheck -->
        <test-method status="PASS" signature="Logout()[pri:0, instance:TestNGclass.SampleTestNGClass@29ee9faa]" name="Logout" is-config="true" duration-ms="0" started-at="2019-08-07T06:50:01Z" finished-at="2019-08-07T06:50:01Z">
          <reporter-output>
          </reporter-output>
        </test-method> <!-- Logout -->
        <test-method status="PASS" signature="SearchTest()[pri:0, instance:TestNGclass.SampleTestNGClass@29ee9faa]" name="SearchTest" duration-ms="1" started-at="2019-08-07T06:50:01Z" finished-at="2019-08-07T06:50:01Z">
          <reporter-output>
          </reporter-output>
        </test-method> <!-- SearchTest -->
        <test-method status="PASS" signature="Login()[pri:0, instance:TestNGclass.SampleTestNGClass@29ee9faa]" name="Login" is-config="true" duration-ms="0" started-at="2019-08-07T06:50:01Z" finished-at="2019-08-07T06:50:01Z">
          <reporter-output>
          </reporter-output>
        </test-method> <!-- Login -->
        <test-method status="PASS" signature="Logout()[pri:0, instance:TestNGclass.SampleTestNGClass@29ee9faa]" name="Logout" is-config="true" duration-ms="0" started-at="2019-08-07T06:50:01Z" finished-at="2019-08-07T06:50:01Z">
          <reporter-output>
          </reporter-output>
        </test-method> <!-- Logout -->
        <test-method status="PASS" signature="Login()[pri:0, instance:TestNGclass.SampleTestNGClass@29ee9faa]" name="Login" is-config="true" duration-ms="1" started-at="2019-08-07T06:50:01Z" finished-at="2019-08-07T06:50:01Z">
          <reporter-output>
          </reporter-output>
        </test-method> <!-- Login -->
        <test-method status="PASS" signature="TitleTest()[pri:0, instance:TestNGclass.SampleTestNGClass@29ee9faa]" name="TitleTest" duration-ms="1" started-at="2019-08-07T06:50:01Z" finished-at="2019-08-07T06:50:01Z">
          <reporter-output>
          </reporter-output>
        </test-method> <!-- TitleTest -->
        <test-method status="PASS" signature="Logout()[pri:0, instance:TestNGclass.SampleTestNGClass@29ee9faa]" name="Logout" is-config="true" duration-ms="0" started-at="2019-08-07T06:50:01Z" finished-at="2019-08-07T06:50:01Z">
          <reporter-output>
          </reporter-output>
        </test-method> <!-- Logout -->
      </class> <!-- TestNGclass.SampleTestNGClass -->
    </test> <!-- Default test -->
  </suite> <!-- Default suite -->
</testng-results>
